2025-05-06 00:05:53,498 - __main__ - INFO - Starting ETL process for Airlines and Airports...
2025-05-06 00:05:53,499 - __main__ - INFO - Environment variables loaded.
2025-05-06 00:05:53,517 - __main__ - INFO - Database session created successfully.
2025-05-06 00:05:53,517 - __main__ - INFO - --- Starting Airlines Processing ---
2025-05-06 00:05:53,517 - flight_data_processor - INFO - Fetching airlines data (offset: 0, limit: 1000)
2025-05-06 00:05:55,444 - flight_data_processor - INFO - Received 1000 airlines records
2025-05-06 00:05:56,448 - flight_data_processor - INFO - Fetching airlines data (offset: 1000, limit: 1000)
2025-05-06 00:05:58,378 - flight_data_processor - INFO - Received 1000 airlines records
2025-05-06 00:05:59,383 - flight_data_processor - INFO - Fetching airlines data (offset: 2000, limit: 1000)
2025-05-06 00:06:01,267 - flight_data_processor - INFO - Received 1000 airlines records
2025-05-06 00:06:02,273 - flight_data_processor - INFO - Fetching airlines data (offset: 3000, limit: 1000)
2025-05-06 00:06:04,257 - flight_data_processor - INFO - Received 1000 airlines records
2025-05-06 00:06:05,262 - flight_data_processor - INFO - Fetching airlines data (offset: 4000, limit: 1000)
2025-05-06 00:06:07,226 - flight_data_processor - INFO - Received 1000 airlines records
2025-05-06 00:06:08,232 - flight_data_processor - INFO - Fetching airlines data (offset: 5000, limit: 1000)
2025-05-06 00:06:10,049 - flight_data_processor - INFO - Received 1000 airlines records
2025-05-06 00:06:11,050 - flight_data_processor - INFO - Fetching airlines data (offset: 6000, limit: 1000)
2025-05-06 00:06:12,961 - flight_data_processor - INFO - Received 1000 airlines records
2025-05-06 00:06:13,964 - flight_data_processor - INFO - Fetching airlines data (offset: 7000, limit: 1000)
2025-05-06 00:06:15,894 - flight_data_processor - INFO - Received 1000 airlines records
2025-05-06 00:06:16,898 - flight_data_processor - INFO - Fetching airlines data (offset: 8000, limit: 1000)
2025-05-06 00:06:19,002 - flight_data_processor - INFO - Received 1000 airlines records
2025-05-06 00:06:20,007 - flight_data_processor - INFO - Fetching airlines data (offset: 9000, limit: 1000)
2025-05-06 00:06:21,957 - flight_data_processor - INFO - Received 1000 airlines records
2025-05-06 00:06:22,963 - flight_data_processor - INFO - Fetching airlines data (offset: 10000, limit: 1000)
2025-05-06 00:06:24,947 - flight_data_processor - INFO - Received 1000 airlines records
2025-05-06 00:06:25,952 - flight_data_processor - INFO - Fetching airlines data (offset: 11000, limit: 1000)
2025-05-06 00:06:27,944 - flight_data_processor - INFO - Received 1000 airlines records
2025-05-06 00:06:28,950 - flight_data_processor - INFO - Fetching airlines data (offset: 12000, limit: 1000)
2025-05-06 00:06:30,982 - flight_data_processor - INFO - Received 1000 airlines records
2025-05-06 00:06:31,987 - flight_data_processor - INFO - Fetching airlines data (offset: 13000, limit: 1000)
2025-05-06 00:06:33,132 - flight_data_processor - INFO - Received 143 airlines records
2025-05-06 00:06:33,132 - flight_data_processor - INFO - Completed fetching 13143/13143 airlines records 
2025-05-06 00:06:33,132 - __main__ - INFO - Fetched 13143 total airline records.
2025-05-06 00:07:05,326 - flight_data_processor - INFO - Processed 13143 airline records (skipped 0 due to missing API ID).
2025-05-06 00:07:05,326 - __main__ - INFO - Finished processing airlines.
2025-05-06 00:07:05,326 - __main__ - INFO - --- Starting Airports Processing ---
2025-05-06 00:07:05,327 - flight_data_processor - INFO - Fetching airports data (offset: 0, limit: 1000)
2025-05-06 00:07:07,203 - flight_data_processor - INFO - Received 1000 airports records
2025-05-06 00:07:08,206 - flight_data_processor - INFO - Fetching airports data (offset: 1000, limit: 1000)
2025-05-06 00:07:10,203 - flight_data_processor - INFO - Received 1000 airports records
2025-05-06 00:07:11,208 - flight_data_processor - INFO - Fetching airports data (offset: 2000, limit: 1000)
2025-05-06 00:07:13,172 - flight_data_processor - INFO - Received 1000 airports records
2025-05-06 00:07:14,177 - flight_data_processor - INFO - Fetching airports data (offset: 3000, limit: 1000)
2025-05-06 00:07:16,054 - flight_data_processor - INFO - Received 1000 airports records
2025-05-06 00:07:17,055 - flight_data_processor - INFO - Fetching airports data (offset: 4000, limit: 1000)
2025-05-06 00:07:18,984 - flight_data_processor - INFO - Received 1000 airports records
2025-05-06 00:07:19,986 - flight_data_processor - INFO - Fetching airports data (offset: 5000, limit: 1000)
2025-05-06 00:07:21,896 - flight_data_processor - INFO - Received 1000 airports records
2025-05-06 00:07:22,897 - flight_data_processor - INFO - Fetching airports data (offset: 6000, limit: 1000)
2025-05-06 00:07:24,628 - flight_data_processor - INFO - Received 710 airports records
2025-05-06 00:07:24,628 - flight_data_processor - INFO - Completed fetching 6710/6710 airports records 
2025-05-06 00:07:24,628 - __main__ - INFO - Fetched 6710 total airport records.
2025-05-06 00:07:43,759 - flight_data_processor - INFO - Processed 6710 airport records
2025-05-06 00:07:43,759 - __main__ - INFO - Finished processing airports.
2025-05-06 00:07:43,759 - __main__ - INFO - ✅ ETL process for Airlines and Airports completed.
2025-05-06 00:07:43,759 - __main__ - INFO - Database session closed.
